This is pdfTeX, Version 3.141592653-2.6-1.40.26 (MiKTeX 24.4) (preloaded format=pdflatex 2024.10.5)  5 OCT 2024 20:12
entering extended mode
 restricted \write18 enabled.
 %&-line parsing enabled.
**./BTP_report.tex
(BTP_report.tex
LaTeX2e <2024-06-01> patch level 2
L3 programming layer <2024-08-30>
(D:\LaTeX\MikTex\tex/latex/base\article.cls
Document Class: article 2024/02/08 v1.4n Standard LaTeX document class
(D:\LaTeX\MikTex\tex/latex/base\size12.clo
File: size12.clo 2024/02/08 v1.4n Standard LaTeX file (size option)
)
\c@part=\count194
\c@section=\count195
\c@subsection=\count196
\c@subsubsection=\count197
\c@paragraph=\count198
\c@subparagraph=\count199
\c@figure=\count266
\c@table=\count267
\abovecaptionskip=\skip49
\belowcaptionskip=\skip50
\bibindent=\dimen141
)
(D:\LaTeX\MikTex\tex/latex/amsfonts\amssymb.sty
Package: amssymb 2013/01/14 v3.01 AMS font symbols

(D:\LaTeX\MikTex\tex/latex/amsfonts\amsfonts.sty
Package: amsfonts 2013/01/14 v3.01 Basic AMSFonts support
\@emptytoks=\toks17
\symAMSa=\mathgroup4
\symAMSb=\mathgroup5
LaTeX Font Info:    Redeclaring math symbol \hbar on input line 98.
LaTeX Font Info:    Overwriting math alphabet `\mathfrak' in version `bold'
(Font)                  U/euf/m/n --> U/euf/b/n on input line 106.
))
(D:\LaTeX\MikTex\tex/latex/graphics\graphicx.sty
Package: graphicx 2021/09/16 v1.2d Enhanced LaTeX Graphics (DPC,SPQR)

(D:\LaTeX\MikTex\tex/latex/graphics\keyval.sty
Package: keyval 2022/05/29 v1.15 key=value parser (DPC)
\KV@toks@=\toks18
)
(D:\LaTeX\MikTex\tex/latex/graphics\graphics.sty
Package: graphics 2024/05/23 v1.4g Standard LaTeX Graphics (DPC,SPQR)

(D:\LaTeX\MikTex\tex/latex/graphics\trig.sty
Package: trig 2023/12/02 v1.11 sin cos tan (DPC)
)
(D:\LaTeX\MikTex\tex/latex/graphics-cfg\graphics.cfg
File: graphics.cfg 2016/06/04 v1.11 sample graphics configuration
)
Package graphics Info: Driver file: pdftex.def on input line 106.

(D:\LaTeX\MikTex\tex/latex/graphics-def\pdftex.def
File: pdftex.def 2024/04/13 v1.2c Graphics/color driver for pdftex
))
\Gin@req@height=\dimen142
\Gin@req@width=\dimen143
)
(D:\LaTeX\MikTex\tex/latex/natbib\natbib.sty
Package: natbib 2010/09/13 8.31b (PWD, AO)
\bibhang=\skip51
\bibsep=\skip52
LaTeX Info: Redefining \cite on input line 694.
\c@NAT@ctr=\count268
)
(D:\LaTeX\MikTex\tex/latex/tools\multicol.sty
Package: multicol 2024/05/23 v1.9h multicolumn formatting (FMi)
\c@tracingmulticols=\count269
\mult@box=\box52
\multicol@leftmargin=\dimen144
\c@unbalance=\count270
\c@collectmore=\count271
\doublecol@number=\count272
\multicoltolerance=\count273
\multicolpretolerance=\count274
\full@width=\dimen145
\page@free=\dimen146
\premulticols=\dimen147
\postmulticols=\dimen148
\multicolsep=\skip53
\multicolbaselineskip=\skip54
\partial@page=\box53
\last@line=\box54
\mc@boxedresult=\box55
\maxbalancingoverflow=\dimen149
\mult@rightbox=\box56
\mult@grightbox=\box57
\mult@firstbox=\box58
\mult@gfirstbox=\box59
\@tempa=\box60
\@tempa=\box61
\@tempa=\box62
\@tempa=\box63
\@tempa=\box64
\@tempa=\box65
\@tempa=\box66
\@tempa=\box67
\@tempa=\box68
\@tempa=\box69
\@tempa=\box70
\@tempa=\box71
\@tempa=\box72
\@tempa=\box73
\@tempa=\box74
\@tempa=\box75
\@tempa=\box76
\@tempa=\box77
\@tempa=\box78
\@tempa=\box79
\@tempa=\box80
\@tempa=\box81
\@tempa=\box82
\@tempa=\box83
\@tempa=\box84
\@tempa=\box85
\@tempa=\box86
\@tempa=\box87
\@tempa=\box88
\@tempa=\box89
\@tempa=\box90
\@tempa=\box91
\@tempa=\box92
\@tempa=\box93
\@tempa=\box94
\@tempa=\box95
\c@minrows=\count275
\c@columnbadness=\count276
\c@finalcolumnbadness=\count277
\last@try=\dimen150
\multicolovershoot=\dimen151
\multicolundershoot=\dimen152
\mult@nat@firstbox=\box96
\colbreak@box=\box97
\mc@col@check@num=\count278
)
(D:\LaTeX\MikTex\tex/latex/setspace\setspace.sty
Package: setspace 2022/12/04 v6.7b set line spacing
)
(D:\LaTeX\MikTex\tex/latex/fancyhdr\fancyhdr.sty
Package: fancyhdr 2024/07/23 v4.3.1 Extensive control of page headers and foote
rs
\f@nch@headwidth=\skip55
\f@nch@O@elh=\skip56
\f@nch@O@erh=\skip57
\f@nch@O@olh=\skip58
\f@nch@O@orh=\skip59
\f@nch@O@elf=\skip60
\f@nch@O@erf=\skip61
\f@nch@O@olf=\skip62
\f@nch@O@orf=\skip63
)
(D:\LaTeX\MikTex\tex/latex/psnfss\times.sty
Package: times 2020/03/25 PSNFSS-v9.3 (SPQR) 
)
(D:\LaTeX\MikTex\tex/latex/tocloft\tocloft.sty
Package: tocloft 2017/08/31 v2.3i parameterised ToC, etc., typesetting
Package tocloft Info: The document has section divisions on input line 51.
\cftparskip=\skip64
\cftbeforetoctitleskip=\skip65
\cftaftertoctitleskip=\skip66
\cftbeforepartskip=\skip67
\cftpartnumwidth=\skip68
\cftpartindent=\skip69
\cftbeforesecskip=\skip70
\cftsecindent=\skip71
\cftsecnumwidth=\skip72
\cftbeforesubsecskip=\skip73
\cftsubsecindent=\skip74
\cftsubsecnumwidth=\skip75
\cftbeforesubsubsecskip=\skip76
\cftsubsubsecindent=\skip77
\cftsubsubsecnumwidth=\skip78
\cftbeforeparaskip=\skip79
\cftparaindent=\skip80
\cftparanumwidth=\skip81
\cftbeforesubparaskip=\skip82
\cftsubparaindent=\skip83
\cftsubparanumwidth=\skip84
\cftbeforeloftitleskip=\skip85
\cftafterloftitleskip=\skip86
\cftbeforefigskip=\skip87
\cftfigindent=\skip88
\cftfignumwidth=\skip89
\c@lofdepth=\count279
\c@lotdepth=\count280
\cftbeforelottitleskip=\skip90
\cftafterlottitleskip=\skip91
\cftbeforetabskip=\skip92
\cfttabindent=\skip93
\cfttabnumwidth=\skip94
)
(D:\LaTeX\MikTex\tex/latex/geometry\geometry.sty
Package: geometry 2020/01/02 v5.9 Page Geometry

(D:\LaTeX\MikTex\tex/generic/iftex\ifvtex.sty
Package: ifvtex 2019/10/25 v1.7 ifvtex legacy package. Use iftex instead.

(D:\LaTeX\MikTex\tex/generic/iftex\iftex.sty
Package: iftex 2022/02/03 v1.0f TeX engine tests
))
\Gm@cnth=\count281
\Gm@cntv=\count282
\c@Gm@tempcnt=\count283
\Gm@bindingoffset=\dimen153
\Gm@wd@mp=\dimen154
\Gm@odd@mp=\dimen155
\Gm@even@mp=\dimen156
\Gm@layoutwidth=\dimen157
\Gm@layoutheight=\dimen158
\Gm@layouthoffset=\dimen159
\Gm@layoutvoffset=\dimen160
\Gm@dimlist=\toks19

(D:\LaTeX\MikTex\tex/latex/geometry\geometry.cfg))
(D:\LaTeX\MikTex\tex/latex/base\textcomp.sty
Package: textcomp 2024/04/24 v2.1b Standard LaTeX package
)
(D:\LaTeX\MikTex\tex/latex/comment\comment.sty
\CommentStream=\write3
 Excluding comment 'comment')
(D:\LaTeX\MikTex\tex/latex/enumitem\enumitem.sty
Package: enumitem 2019/06/20 v3.9 Customized lists
\labelindent=\skip95
\enit@outerparindent=\dimen161
\enit@toks=\toks20
\enit@inbox=\box98
\enit@count@id=\count284
\enitdp@description=\count285
)
(D:\LaTeX\MikTex\tex/latex/amsmath\amsmath.sty
Package: amsmath 2024/05/23 v2.17q AMS math features
\@mathmargin=\skip96

For additional information on amsmath, use the `?' option.
(D:\LaTeX\MikTex\tex/latex/amsmath\amstext.sty
Package: amstext 2021/08/26 v2.01 AMS text

(D:\LaTeX\MikTex\tex/latex/amsmath\amsgen.sty
File: amsgen.sty 1999/11/30 v2.0 generic functions
\@emptytoks=\toks21
\ex@=\dimen162
))
(D:\LaTeX\MikTex\tex/latex/amsmath\amsbsy.sty
Package: amsbsy 1999/11/29 v1.2d Bold Symbols
\pmbraise@=\dimen163
)
(D:\LaTeX\MikTex\tex/latex/amsmath\amsopn.sty
Package: amsopn 2022/04/08 v2.04 operator names
)
\inf@bad=\count286
LaTeX Info: Redefining \frac on input line 233.
\uproot@=\count287
\leftroot@=\count288
LaTeX Info: Redefining \overline on input line 398.
LaTeX Info: Redefining \colon on input line 409.
\classnum@=\count289
\DOTSCASE@=\count290
LaTeX Info: Redefining \ldots on input line 495.
LaTeX Info: Redefining \dots on input line 498.
LaTeX Info: Redefining \cdots on input line 619.
\Mathstrutbox@=\box99
\strutbox@=\box100
LaTeX Info: Redefining \big on input line 721.
LaTeX Info: Redefining \Big on input line 722.
LaTeX Info: Redefining \bigg on input line 723.
LaTeX Info: Redefining \Bigg on input line 724.
\big@size=\dimen164
LaTeX Font Info:    Redeclaring font encoding OML on input line 742.
LaTeX Font Info:    Redeclaring font encoding OMS on input line 743.
\macc@depth=\count291
LaTeX Info: Redefining \bmod on input line 904.
LaTeX Info: Redefining \pmod on input line 909.
LaTeX Info: Redefining \smash on input line 939.
LaTeX Info: Redefining \relbar on input line 969.
LaTeX Info: Redefining \Relbar on input line 970.
\c@MaxMatrixCols=\count292
\dotsspace@=\muskip17
\c@parentequation=\count293
\dspbrk@lvl=\count294
\tag@help=\toks22
\row@=\count295
\column@=\count296
\maxfields@=\count297
\andhelp@=\toks23
\eqnshift@=\dimen165
\alignsep@=\dimen166
\tagshift@=\dimen167
\tagwidth@=\dimen168
\totwidth@=\dimen169
\lineht@=\dimen170
\@envbody=\toks24
\multlinegap=\skip97
\multlinetaggap=\skip98
\mathdisplay@stack=\toks25
LaTeX Info: Redefining \[ on input line 2953.
LaTeX Info: Redefining \] on input line 2954.
)
(D:\LaTeX\MikTex\tex/latex/xcolor\xcolor.sty
Package: xcolor 2023/11/15 v3.01 LaTeX color extensions (UK)

(D:\LaTeX\MikTex\tex/latex/graphics-cfg\color.cfg
File: color.cfg 2016/01/02 v1.6 sample color configuration
)
Package xcolor Info: Driver file: pdftex.def on input line 274.

(D:\LaTeX\MikTex\tex/latex/graphics\mathcolor.ltx)
Package xcolor Info: Model `cmy' substituted by `cmy0' on input line 1350.
Package xcolor Info: Model `hsb' substituted by `rgb' on input line 1354.
Package xcolor Info: Model `RGB' extended on input line 1366.
Package xcolor Info: Model `HTML' substituted by `rgb' on input line 1368.
Package xcolor Info: Model `Hsb' substituted by `hsb' on input line 1369.
Package xcolor Info: Model `tHsb' substituted by `hsb' on input line 1370.
Package xcolor Info: Model `HSB' substituted by `hsb' on input line 1371.
Package xcolor Info: Model `Gray' substituted by `gray' on input line 1372.
Package xcolor Info: Model `wave' substituted by `hsb' on input line 1373.
)
(D:\LaTeX\MikTex\tex/latex/titling\titling.sty
Package: titling 2009/09/04 v2.1d maketitle typesetting
\thanksmarkwidth=\skip99
\thanksmargin=\skip100
\droptitle=\skip101
)
(D:\LaTeX\MikTex\tex/latex/titlesec\titlesec.sty
Package: titlesec 2023/10/27 v2.16 Sectioning titles
\ttl@box=\box101
\beforetitleunit=\skip102
\aftertitleunit=\skip103
\ttl@plus=\dimen171
\ttl@minus=\dimen172
\ttl@toksa=\toks26
\titlewidth=\dimen173
\titlewidthlast=\dimen174
\titlewidthfirst=\dimen175
)
(D:\LaTeX\MikTex\tex/latex/hyperref\hyperref.sty
Package: hyperref 2024-07-10 v7.01j Hypertext links for LaTeX

(D:\LaTeX\MikTex\tex/latex/kvsetkeys\kvsetkeys.sty
Package: kvsetkeys 2022-10-05 v1.19 Key value parser (HO)
)
(D:\LaTeX\MikTex\tex/generic/kvdefinekeys\kvdefinekeys.sty
Package: kvdefinekeys 2019-12-19 v1.6 Define keys (HO)
)
(D:\LaTeX\MikTex\tex/generic/pdfescape\pdfescape.sty
Package: pdfescape 2019/12/09 v1.15 Implements pdfTeX's escape features (HO)

(D:\LaTeX\MikTex\tex/generic/ltxcmds\ltxcmds.sty
Package: ltxcmds 2023-12-04 v1.26 LaTeX kernel commands for general use (HO)
)
(D:\LaTeX\MikTex\tex/generic/pdftexcmds\pdftexcmds.sty
Package: pdftexcmds 2020-06-27 v0.33 Utility functions of pdfTeX for LuaTeX (HO
)

(D:\LaTeX\MikTex\tex/generic/infwarerr\infwarerr.sty
Package: infwarerr 2019/12/03 v1.5 Providing info/warning/error messages (HO)
)
Package pdftexcmds Info: \pdf@primitive is available.
Package pdftexcmds Info: \pdf@ifprimitive is available.
Package pdftexcmds Info: \pdfdraftmode found.
))
(D:\LaTeX\MikTex\tex/latex/hycolor\hycolor.sty
Package: hycolor 2020-01-27 v1.10 Color options for hyperref/bookmark (HO)
)
(D:\LaTeX\MikTex\tex/latex/hyperref\nameref.sty
Package: nameref 2023-11-26 v2.56 Cross-referencing by name of section

(D:\LaTeX\MikTex\tex/latex/refcount\refcount.sty
Package: refcount 2019/12/15 v3.6 Data extraction from label references (HO)
)
(D:\LaTeX\MikTex\tex/generic/gettitlestring\gettitlestring.sty
Package: gettitlestring 2019/12/15 v1.6 Cleanup title references (HO)

(D:\LaTeX\MikTex\tex/latex/kvoptions\kvoptions.sty
Package: kvoptions 2022-06-15 v3.15 Key value format for package options (HO)
))
\c@section@level=\count298
)
(D:\LaTeX\MikTex\tex/latex/etoolbox\etoolbox.sty
Package: etoolbox 2020/10/05 v2.5k e-TeX tools for LaTeX (JAW)
\etb@tempcnta=\count299
)
(D:\LaTeX\MikTex\tex/generic/stringenc\stringenc.sty
Package: stringenc 2019/11/29 v1.12 Convert strings between diff. encodings (HO
)
)
\@linkdim=\dimen176
\Hy@linkcounter=\count300
\Hy@pagecounter=\count301

(D:\LaTeX\MikTex\tex/latex/hyperref\pd1enc.def
File: pd1enc.def 2024-07-10 v7.01j Hyperref: PDFDocEncoding definition (HO)
Now handling font encoding PD1 ...
... no UTF-8 mapping file for font encoding PD1
)
(D:\LaTeX\MikTex\tex/generic/intcalc\intcalc.sty
Package: intcalc 2019/12/15 v1.3 Expandable calculations with integers (HO)
)
\Hy@SavedSpaceFactor=\count302

(D:\LaTeX\MikTex\tex/latex/hyperref\puenc.def
File: puenc.def 2024-07-10 v7.01j Hyperref: PDF Unicode definition (HO)
Now handling font encoding PU ...
... no UTF-8 mapping file for font encoding PU
)
Package hyperref Info: Hyper figures OFF on input line 4157.
Package hyperref Info: Link nesting OFF on input line 4162.
Package hyperref Info: Hyper index ON on input line 4165.
Package hyperref Info: Plain pages OFF on input line 4172.
Package hyperref Info: Backreferencing OFF on input line 4177.
Package hyperref Info: Implicit mode ON; LaTeX internals redefined.
Package hyperref Info: Bookmarks ON on input line 4424.
\c@Hy@tempcnt=\count303

(D:\LaTeX\MikTex\tex/latex/url\url.sty
\Urlmuskip=\muskip18
Package: url 2013/09/16  ver 3.4  Verb mode for urls, etc.
)
LaTeX Info: Redefining \url on input line 4763.
\XeTeXLinkMargin=\dimen177

(D:\LaTeX\MikTex\tex/generic/bitset\bitset.sty
Package: bitset 2019/12/09 v1.3 Handle bit-vector datatype (HO)

(D:\LaTeX\MikTex\tex/generic/bigintcalc\bigintcalc.sty
Package: bigintcalc 2019/12/15 v1.5 Expandable calculations on big integers (HO
)
))
\Fld@menulength=\count304
\Field@Width=\dimen178
\Fld@charsize=\dimen179
Package hyperref Info: Hyper figures OFF on input line 6042.
Package hyperref Info: Link nesting OFF on input line 6047.
Package hyperref Info: Hyper index ON on input line 6050.
Package hyperref Info: backreferencing OFF on input line 6057.
Package hyperref Info: Link coloring OFF on input line 6062.
Package hyperref Info: Link coloring with OCG OFF on input line 6067.
Package hyperref Info: PDF/A mode OFF on input line 6072.

(D:\LaTeX\MikTex\tex/latex/base\atbegshi-ltx.sty
Package: atbegshi-ltx 2021/01/10 v1.0c Emulation of the original atbegshi
package with kernel methods
)
\Hy@abspage=\count305
\c@Item=\count306
\c@Hfootnote=\count307
)
Package hyperref Info: Driver (autodetected): hpdftex.

(D:\LaTeX\MikTex\tex/latex/hyperref\hpdftex.def
File: hpdftex.def 2024-07-10 v7.01j Hyperref driver for pdfTeX

(D:\LaTeX\MikTex\tex/latex/base\atveryend-ltx.sty
Package: atveryend-ltx 2020/08/19 v1.0a Emulation of the original atveryend pac
kage
with kernel methods
)
\Fld@listcount=\count308
\c@bookmark@seq@number=\count309

(D:\LaTeX\MikTex\tex/latex/rerunfilecheck\rerunfilecheck.sty
Package: rerunfilecheck 2022-07-10 v1.10 Rerun checks for auxiliary files (HO)

(D:\LaTeX\MikTex\tex/generic/uniquecounter\uniquecounter.sty
Package: uniquecounter 2019/12/15 v1.4 Provide unlimited unique counter (HO)
)
Package uniquecounter Info: New unique counter `rerunfilecheck' on input line 2
85.
)
\Hy@SectionHShift=\skip104
)
(D:\LaTeX\MikTex\tex/latex/siunitx\siunitx.sty
Package: siunitx 2024-08-20 v3.3.21 A comprehensive (SI) units package
\l__siunitx_number_uncert_offset_int=\count310
\l__siunitx_number_exponent_fixed_int=\count311
\l__siunitx_number_min_decimal_int=\count312
\l__siunitx_number_min_integer_int=\count313
\l__siunitx_number_round_precision_int=\count314
\l__siunitx_number_lower_threshold_int=\count315
\l__siunitx_number_upper_threshold_int=\count316
\l__siunitx_number_group_first_int=\count317
\l__siunitx_number_group_size_int=\count318
\l__siunitx_number_group_minimum_int=\count319
\l__siunitx_angle_tmp_dim=\dimen180
\l__siunitx_angle_marker_box=\box102
\l__siunitx_angle_unit_box=\box103
\l__siunitx_compound_count_int=\count320

(D:\LaTeX\MikTex\tex/latex/translations\translations.sty
Package: translations 2022/02/05 v1.12 internationalization of LaTeX2e packages
 (CN)
)
\l__siunitx_table_tmp_box=\box104
\l__siunitx_table_tmp_dim=\dimen181
\l__siunitx_table_column_width_dim=\dimen182
\l__siunitx_table_integer_box=\box105
\l__siunitx_table_decimal_box=\box106
\l__siunitx_table_uncert_box=\box107
\l__siunitx_table_before_box=\box108
\l__siunitx_table_after_box=\box109
\l__siunitx_table_before_dim=\dimen183
\l__siunitx_table_carry_dim=\dimen184
\l__siunitx_unit_tmp_int=\count321
\l__siunitx_unit_position_int=\count322
\l__siunitx_unit_total_int=\count323

(D:\LaTeX\MikTex\tex/latex/tools\array.sty
Package: array 2024/06/14 v2.6d Tabular extension package (FMi)
\col@sep=\dimen185
\ar@mcellbox=\box110
\extrarowheight=\dimen186
\NC@list=\toks27
\extratabsurround=\skip105
\backup@length=\skip106
\ar@cellbox=\box111
))

Package geometry Warning: Over-specification in `h'-direction.
    `width' (497.92322pt) is ignored.


Package geometry Warning: Over-specification in `v'-direction.
    `height' (731.23582pt) is ignored.

Package hyperref Info: Option `colorlinks' set `true' on input line 52.
Package translations Info: No language package found. I am going to use `englis
h' as default language. on input line 90.
LaTeX Font Info:    Trying to load font information for OT1+ptm on input line 9
0.
(D:\LaTeX\MikTex\tex/latex/psnfss\ot1ptm.fd
File: ot1ptm.fd 2001/06/04 font definitions for OT1/ptm.
)
(D:\LaTeX\MikTex\tex/latex/l3backend\l3backend-pdftex.def
File: l3backend-pdftex.def 2024-05-08 L3 backend support: PDF output (pdfTeX)
\l__color_backend_stack_int=\count324
\l__pdf_internal_box=\box112
) (BTP_report.aux
(FrontMatter/titlePage.aux) (FrontMatter/approval.aux)
(FrontMatter/acknowledgements.aux) (Chapters/content.aux

LaTeX Warning: Label `Project Modules' multiply defined.


LaTeX Warning: Label `KNN' multiply defined.


LaTeX Warning: Label `SVM' multiply defined.


LaTeX Warning: Label `Random Forest' multiply defined.


LaTeX Warning: Label `Project Modules' multiply defined.

)

! Package natbib Error: Bibliography not compatible with author-year citations.

(natbib)                Press <return> to continue in numerical citation style.


See the natbib package documentation for explanation.
Type  H <return>  for immediate help.
 ...                                              
                                                  
l.9 ...mmand\NAT@force@numbers{}\NAT@force@numbers
                                                  
? 
)
\openout1 = `BTP_report.aux'.

LaTeX Font Info:    Checking defaults for OML/cmm/m/it on input line 90.
LaTeX Font Info:    ... okay on input line 90.
LaTeX Font Info:    Checking defaults for OMS/cmsy/m/n on input line 90.
LaTeX Font Info:    ... okay on input line 90.
LaTeX Font Info:    Checking defaults for OT1/cmr/m/n on input line 90.
LaTeX Font Info:    ... okay on input line 90.
LaTeX Font Info:    Checking defaults for T1/cmr/m/n on input line 90.
LaTeX Font Info:    ... okay on input line 90.
LaTeX Font Info:    Checking defaults for TS1/cmr/m/n on input line 90.
LaTeX Font Info:    ... okay on input line 90.
LaTeX Font Info:    Checking defaults for OMX/cmex/m/n on input line 90.
LaTeX Font Info:    ... okay on input line 90.
LaTeX Font Info:    Checking defaults for U/cmr/m/n on input line 90.
LaTeX Font Info:    ... okay on input line 90.
LaTeX Font Info:    Checking defaults for PD1/pdf/m/n on input line 90.
LaTeX Font Info:    ... okay on input line 90.
LaTeX Font Info:    Checking defaults for PU/pdf/m/n on input line 90.
LaTeX Font Info:    ... okay on input line 90.
 (D:\LaTeX\MikTex\tex/context/base/mkii\supp-pdf.mkii
[Loading MPS to PDF converter (version 2006.09.02).]
\scratchcounter=\count325
\scratchdimen=\dimen187
\scratchbox=\box113
\nofMPsegments=\count326
\nofMParguments=\count327
\everyMPshowfont=\toks28
\MPscratchCnt=\count328
\MPscratchDim=\dimen188
\MPnumerator=\count329
\makeMPintoPDFobject=\count330
\everyMPtoPDFconversion=\toks29
) (D:\LaTeX\MikTex\tex/latex/epstopdf-pkg\epstopdf-base.sty
Package: epstopdf-base 2020-01-24 v2.11 Base part for package epstopdf
Package epstopdf-base Info: Redefining graphics rule for `.eps' on input line 4
85.

(D:\LaTeX\MikTex\tex/latex/00miktex\epstopdf-sys.cfg
File: epstopdf-sys.cfg 2021/03/18 v2.0 Configuration of epstopdf for MiKTeX
))
*geometry* driver: auto-detecting
*geometry* detected driver: pdftex
*geometry* verbose mode - [ preamble ] result:
* driver: pdftex
* paper: a4paper
* layout: <same size as paper>
* layoutoffset:(h,v)=(0.0pt,0.0pt)
* modes: 
* h-part:(L,W,R)=(71.13188pt, 455.24411pt, 71.13188pt)
* v-part:(T,H,B)=(85.35826pt, 674.33032pt, 85.35826pt)
* \paperwidth=597.50787pt
* \paperheight=845.04684pt
* \textwidth=455.24411pt
* \textheight=674.33032pt
* \oddsidemargin=-1.1381pt
* \evensidemargin=-1.1381pt
* \topmargin=-23.91173pt
* \headheight=12.0pt
* \headsep=25.0pt
* \topskip=12.0pt
* \footskip=30.0pt
* \marginparwidth=35.0pt
* \marginparsep=10.0pt
* \columnsep=10.0pt
* \skip\footins=10.8pt plus 4.0pt minus 2.0pt
* \hoffset=0.0pt
* \voffset=0.0pt
* \mag=1000
* \@twocolumnfalse
* \@twosidefalse
* \@mparswitchfalse
* \@reversemarginfalse
* (1in=72.27pt=25.4mm, 1cm=28.453pt)

Package hyperref Info: Link coloring ON on input line 90.
(BTP_report.out) (BTP_report.out)
\@outlinefile=\write4
\openout4 = `BTP_report.out'.


(D:\LaTeX\MikTex\tex/latex/translations/dicts\translations-basic-dictionary-eng
lish.trsl
File: translations-basic-dictionary-english.trsl (english translation file `tra
nslations-basic-dictionary')
)
Package translations Info: loading dictionary `translations-basic-dictionary' f
or `english'. on input line 90.
\openout2 = `./FrontMatter/titlePage.aux'.

 (FrontMatter/titlePage.tex
LaTeX Info: Symbol \textlangle not provided by
            font family ptm in TS1 encoding.
            Default family used instead on input line 34.
LaTeX Info: Symbol \textrangle not provided by
            font family ptm in TS1 encoding.
            Default family used instead on input line 34.
LaTeX Font Info:    Trying to load font information for U+msa on input line 37.


(D:\LaTeX\MikTex\tex/latex/amsfonts\umsa.fd
File: umsa.fd 2013/01/14 v3.01 AMS symbols A
)
LaTeX Font Info:    Trying to load font information for U+msb on input line 37.


(D:\LaTeX\MikTex\tex/latex/amsfonts\umsb.fd
File: umsb.fd 2013/01/14 v3.01 AMS symbols B
)
LaTeX Info: Symbol \textlangle not provided by
            font family ptm in TS1 encoding.
            Default family used instead on input line 39.
LaTeX Info: Symbol \textrangle not provided by
            font family ptm in TS1 encoding.
            Default family used instead on input line 39.
<./Images/tmsl.png, id=283, 233.87375pt x 216.81pt>
File: ./Images/tmsl.png Graphic file (type png)
<use ./Images/tmsl.png>
Package pdftex.def Info: ./Images/tmsl.png  used on input line 47.
(pdftex.def)             Requested size: 85.35826pt x 79.13002pt.
)

[1


{C:/Users/arkap/AppData/Local/MiKTeX/fonts/map/pdftex/pdftex.map}{D:/LaTeX/MikT
ex/fonts/enc/dvips/base/8r.enc} <./Images/tmsl.png>]
\openout2 = `./FrontMatter/approval.aux'.


(FrontMatter/approval.tex)

[2



]
\openout2 = `./FrontMatter/acknowledgements.aux'.

 (FrontMatter/acknowledgements.tex)

[3



] (BTP_report.toc

[4


])
\tf@toc=\write5
\openout5 = `BTP_report.toc'.




Package fancyhdr Warning: \headheight is too small (12.0pt): 
(fancyhdr)                Make it at least 14.49998pt, for example:
(fancyhdr)                \setlength{\headheight}{14.49998pt}.
(fancyhdr)                You might also make \topmargin smaller to compensate:

(fancyhdr)                \addtolength{\topmargin}{-2.49998pt}.

[5] (BTP_report.lof)
\tf@lof=\write6
\openout6 = `BTP_report.lof'.



[6]
\openout2 = `./Chapters/content.aux'.

 (Chapters/content.tex Excluding 'comment' comment.


Package fancyhdr Warning: \headheight is too small (12.0pt): 
(fancyhdr)                Make it at least 14.49998pt, for example:
(fancyhdr)                \setlength{\headheight}{14.49998pt}.
(fancyhdr)                You might also make \topmargin smaller to compensate:

(fancyhdr)                \addtolength{\topmargin}{-2.49998pt}.

[1


]
LaTeX Font Info:    Trying to load font information for TS1+ptm on input line 5
3.
 (D:\LaTeX\MikTex\tex/latex/psnfss\ts1ptm.fd
File: ts1ptm.fd 2001/06/04 font definitions for TS1/ptm.
)


Package fancyhdr Warning: \headheight is too small (12.0pt): 
(fancyhdr)                Make it at least 14.49998pt, for example:
(fancyhdr)                \setlength{\headheight}{14.49998pt}.
(fancyhdr)                You might also make \topmargin smaller to compensate:

(fancyhdr)                \addtolength{\topmargin}{-2.49998pt}.

[2]
Underfull \hbox (badness 10000) in paragraph at lines 153--153
[]|\OT1/ptm/m/n/12 Machine Learn-ing
 []


Underfull \hbox (badness 10000) in paragraph at lines 159--159
[]|\OT1/ptm/m/n/12 Support Vec-tor Ma-
 []


Underfull \hbox (badness 10000) in paragraph at lines 162--162
[]|\OT1/ptm/m/n/12 k-Nearest Neigh-bors
 []




Package fancyhdr Warning: \headheight is too small (12.0pt): 
(fancyhdr)                Make it at least 14.49998pt, for example:
(fancyhdr)                \setlength{\headheight}{14.49998pt}.
(fancyhdr)                You might also make \topmargin smaller to compensate:

(fancyhdr)                \addtolength{\topmargin}{-2.49998pt}.

[3]


Package fancyhdr Warning: \headheight is too small (12.0pt): 
(fancyhdr)                Make it at least 14.49998pt, for example:
(fancyhdr)                \setlength{\headheight}{14.49998pt}.
(fancyhdr)                You might also make \topmargin smaller to compensate:

(fancyhdr)                \addtolength{\topmargin}{-2.49998pt}.

[4]
Underfull \hbox (badness 10000) in paragraph at lines 210--210
[]|\OT1/ptm/m/n/12 Post-Traumatic Stress
 []

Excluding 'comment' comment.
Underfull \hbox (badness 10000) in paragraph at lines 230--232

 []


Underfull \hbox (badness 10000) in paragraph at lines 233--235

 []


Underfull \hbox (badness 10000) in paragraph at lines 236--238

 []




Package fancyhdr Warning: \headheight is too small (12.0pt): 
(fancyhdr)                Make it at least 14.49998pt, for example:
(fancyhdr)                \setlength{\headheight}{14.49998pt}.
(fancyhdr)                You might also make \topmargin smaller to compensate:

(fancyhdr)                \addtolength{\topmargin}{-2.49998pt}.

[5]
Underfull \hbox (badness 10000) in paragraph at lines 239--241

 []


Underfull \hbox (badness 10000) in paragraph at lines 242--244

 []


Underfull \hbox (badness 10000) in paragraph at lines 245--247

 []


Underfull \hbox (badness 10000) in paragraph at lines 248--250

 []


Underfull \hbox (badness 10000) in paragraph at lines 251--253

 []




Package fancyhdr Warning: \headheight is too small (12.0pt): 
(fancyhdr)                Make it at least 14.49998pt, for example:
(fancyhdr)                \setlength{\headheight}{14.49998pt}.
(fancyhdr)                You might also make \topmargin smaller to compensate:

(fancyhdr)                \addtolength{\topmargin}{-2.49998pt}.

[6] Excluding 'comment' comment.


Package fancyhdr Warning: \headheight is too small (12.0pt): 
(fancyhdr)                Make it at least 14.49998pt, for example:
(fancyhdr)                \setlength{\headheight}{14.49998pt}.
(fancyhdr)                You might also make \topmargin smaller to compensate:

(fancyhdr)                \addtolength{\topmargin}{-2.49998pt}.

[7]


Package fancyhdr Warning: \headheight is too small (12.0pt): 
(fancyhdr)                Make it at least 14.49998pt, for example:
(fancyhdr)                \setlength{\headheight}{14.49998pt}.
(fancyhdr)                You might also make \topmargin smaller to compensate:

(fancyhdr)                \addtolength{\topmargin}{-2.49998pt}.

[8]
Overfull \hbox (1.904pt too wide) in paragraph at lines 360--363
\OT1/ptm/m/n/12 rithms, in-clud-ing k-Nearest Neigh-bors (k-NN) and Sup-port Ve
c-tor Ma-chines (SVM),
 []




Package fancyhdr Warning: \headheight is too small (12.0pt): 
(fancyhdr)                Make it at least 14.49998pt, for example:
(fancyhdr)                \setlength{\headheight}{14.49998pt}.
(fancyhdr)                You might also make \topmargin smaller to compensate:

(fancyhdr)                \addtolength{\topmargin}{-2.49998pt}.

[9]


Package fancyhdr Warning: \headheight is too small (12.0pt): 
(fancyhdr)                Make it at least 14.49998pt, for example:
(fancyhdr)                \setlength{\headheight}{14.49998pt}.
(fancyhdr)                You might also make \topmargin smaller to compensate:

(fancyhdr)                \addtolength{\topmargin}{-2.49998pt}.

[10]


Package fancyhdr Warning: \headheight is too small (12.0pt): 
(fancyhdr)                Make it at least 14.49998pt, for example:
(fancyhdr)                \setlength{\headheight}{14.49998pt}.
(fancyhdr)                You might also make \topmargin smaller to compensate:

(fancyhdr)                \addtolength{\topmargin}{-2.49998pt}.

[11]
Overfull \hbox (3.03049pt too wide) in paragraph at lines 404--407
[]\OT1/ptm/b/n/12 Documentation and Re-pro-ducibil-ity \OT1/ptm/m/n/12 : To en-
hance the us-abil-ity and im-pact of the project,
 []




Package fancyhdr Warning: \headheight is too small (12.0pt): 
(fancyhdr)                Make it at least 14.49998pt, for example:
(fancyhdr)                \setlength{\headheight}{14.49998pt}.
(fancyhdr)                You might also make \topmargin smaller to compensate:

(fancyhdr)                \addtolength{\topmargin}{-2.49998pt}.

[12] Excluding 'comment' comment.
Underfull \hbox (badness 10000) in paragraph at lines 445--447

 []


Underfull \hbox (badness 10000) in paragraph at lines 448--450

 []




Package fancyhdr Warning: \headheight is too small (12.0pt): 
(fancyhdr)                Make it at least 14.49998pt, for example:
(fancyhdr)                \setlength{\headheight}{14.49998pt}.
(fancyhdr)                You might also make \topmargin smaller to compensate:

(fancyhdr)                \addtolength{\topmargin}{-2.49998pt}.

[13]
Underfull \hbox (badness 10000) in paragraph at lines 451--453

 []


Underfull \hbox (badness 10000) in paragraph at lines 454--456

 []


Overfull \hbox (3.2941pt too wide) in paragraph at lines 461--464
\OT1/ptm/m/n/12 weeks, cul-mi-nat-ing in a de-tailed re-quire-ments doc-u-ment 
that guided the sub-se-quent stages. 
 []

<Images/01 Life_cycle.jpg, id=524, 682.55pt x 511.9125pt>
File: Images/01 Life_cycle.jpg Graphic file (type jpg)
<use Images/01 Life_cycle.jpg>
Package pdftex.def Info: Images/01 Life_cycle.jpg  used on input line 481.
(pdftex.def)             Requested size: 273.14923pt x 204.86292pt.

LaTeX Warning: `!h' float specifier changed to `!ht'.




Package fancyhdr Warning: \headheight is too small (12.0pt): 
(fancyhdr)                Make it at least 14.49998pt, for example:
(fancyhdr)                \setlength{\headheight}{14.49998pt}.
(fancyhdr)                You might also make \topmargin smaller to compensate:

(fancyhdr)                \addtolength{\topmargin}{-2.49998pt}.

[14]
<Images/MS Project Plan Sem 7.png, id=529, 585.98924pt x 400.49625pt>
File: Images/MS Project Plan Sem 7.png Graphic file (type png)
<use Images/MS Project Plan Sem 7.png>
Package pdftex.def Info: Images/MS Project Plan Sem 7.png  used on input line 4
98.
(pdftex.def)             Requested size: 409.71692pt x 280.02768pt.


LaTeX Warning: `!h' float specifier changed to `!ht'.

<Images/Gantt Chart.png, id=531, 682.34924pt x 490.83376pt>
File: Images/Gantt Chart.png Graphic file (type png)
<use Images/Gantt Chart.png>
Package pdftex.def Info: Images/Gantt Chart.png  used on input line 507.
(pdftex.def)             Requested size: 409.71692pt x 294.71971pt.



Package fancyhdr Warning: \headheight is too small (12.0pt): 
(fancyhdr)                Make it at least 14.49998pt, for example:
(fancyhdr)                \setlength{\headheight}{14.49998pt}.
(fancyhdr)                You might also make \topmargin smaller to compensate:

(fancyhdr)                \addtolength{\topmargin}{-2.49998pt}.

[15 <./Images/01 Life_cycle.jpg>]


Package fancyhdr Warning: \headheight is too small (12.0pt): 
(fancyhdr)                Make it at least 14.49998pt, for example:
(fancyhdr)                \setlength{\headheight}{14.49998pt}.
(fancyhdr)                You might also make \topmargin smaller to compensate:

(fancyhdr)                \addtolength{\topmargin}{-2.49998pt}.

[16 <./Images/MS Project Plan Sem 7.png> <./Images/Gantt Chart.png>]
<Images/Requirement Matrix.png, id=542, 853.9905pt x 275.8305pt>
File: Images/Requirement Matrix.png Graphic file (type png)
<use Images/Requirement Matrix.png>
Package pdftex.def Info: Images/Requirement Matrix.png  used on input line 523.

(pdftex.def)             Requested size: 455.24411pt x 147.03964pt.

Underfull \hbox (badness 10000) in paragraph at lines 540--547

 []


Underfull \hbox (badness 10000) in paragraph at lines 548--555

 []




Package fancyhdr Warning: \headheight is too small (12.0pt): 
(fancyhdr)                Make it at least 14.49998pt, for example:
(fancyhdr)                \setlength{\headheight}{14.49998pt}.
(fancyhdr)                You might also make \topmargin smaller to compensate:

(fancyhdr)                \addtolength{\topmargin}{-2.49998pt}.

[17 <./Images/Requirement Matrix.png>]
Underfull \hbox (badness 10000) in paragraph at lines 556--563

 []


Underfull \hbox (badness 10000) in paragraph at lines 575--582

 []




Package fancyhdr Warning: \headheight is too small (12.0pt): 
(fancyhdr)                Make it at least 14.49998pt, for example:
(fancyhdr)                \setlength{\headheight}{14.49998pt}.
(fancyhdr)                You might also make \topmargin smaller to compensate:

(fancyhdr)                \addtolength{\topmargin}{-2.49998pt}.

[18]
Underfull \hbox (badness 10000) in paragraph at lines 602--604

 []




Package fancyhdr Warning: \headheight is too small (12.0pt): 
(fancyhdr)                Make it at least 14.49998pt, for example:
(fancyhdr)                \setlength{\headheight}{14.49998pt}.
(fancyhdr)                You might also make \topmargin smaller to compensate:

(fancyhdr)                \addtolength{\topmargin}{-2.49998pt}.

[19]

! LaTeX Error: There's no line here to end.

See the LaTeX manual or LaTeX Companion for explanation.
Type  H <return>  for immediate help.
 ...                                              
                                                  
l.626 
      
? 



Package fancyhdr Warning: \headheight is too small (12.0pt): 
(fancyhdr)                Make it at least 14.49998pt, for example:
(fancyhdr)                \setlength{\headheight}{14.49998pt}.
(fancyhdr)                You might also make \topmargin smaller to compensate:

(fancyhdr)                \addtolength{\topmargin}{-2.49998pt}.

[20]
LaTeX Font Info:    Trying to load font information for OT1+pcr on input line 6
54.
 (D:\LaTeX\MikTex\tex/latex/psnfss\ot1pcr.fd
File: ot1pcr.fd 2001/06/04 font definitions for OT1/pcr.
)
Underfull \hbox (badness 10000) in paragraph at lines 693--694
[]|\OT1/ptm/m/n/12 Generate clas-si-fi-ca-tion per-for-
 []


Underfull \hbox (badness 4391) in paragraph at lines 714--715
[]|\OT1/ptm/m/n/12 Build Sup-port Vec-tor Ma-chines
 []


Underfull \hbox (badness 4859) in paragraph at lines 720--721
[]|\OT1/ptm/m/n/12 Statistical op-er-a-tions for tun-ing
 []




Package fancyhdr Warning: \headheight is too small (12.0pt): 
(fancyhdr)                Make it at least 14.49998pt, for example:
(fancyhdr)                \setlength{\headheight}{14.49998pt}.
(fancyhdr)                You might also make \topmargin smaller to compensate:

(fancyhdr)                \addtolength{\topmargin}{-2.49998pt}.

[21]
<Images/Project Modules.png, id=567, 2265.46375pt x 2568.59625pt>
File: Images/Project Modules.png Graphic file (type png)
<use Images/Project Modules.png>
Package pdftex.def Info: Images/Project Modules.png  used on input line 740.
(pdftex.def)             Requested size: 273.14923pt x 309.66841pt.
<Images/System Overview.png, id=568, 4355.27126pt x 2734.215pt>
File: Images/System Overview.png Graphic file (type png)
<use Images/System Overview.png>
Package pdftex.def Info: Images/System Overview.png  used on input line 753.
(pdftex.def)             Requested size: 455.24411pt x 285.78685pt.



Package fancyhdr Warning: \headheight is too small (12.0pt): 
(fancyhdr)                Make it at least 14.49998pt, for example:
(fancyhdr)                \setlength{\headheight}{14.49998pt}.
(fancyhdr)                You might also make \topmargin smaller to compensate:

(fancyhdr)                \addtolength{\topmargin}{-2.49998pt}.

[22 <./Images/Project Modules.png>]
<Images/ML Model Workflow.png, id=574, 4217.7575pt x 2531.4575pt>
File: Images/ML Model Workflow.png Graphic file (type png)
<use Images/ML Model Workflow.png>
Package pdftex.def Info: Images/ML Model Workflow.png  used on input line 760.
(pdftex.def)             Requested size: 432.48051pt x 259.53401pt.



Package fancyhdr Warning: \headheight is too small (12.0pt): 
(fancyhdr)                Make it at least 14.49998pt, for example:
(fancyhdr)                \setlength{\headheight}{14.49998pt}.
(fancyhdr)                You might also make \topmargin smaller to compensate:

(fancyhdr)                \addtolength{\topmargin}{-2.49998pt}.

[23 <./Images/System Overview.png> <./Images/ML Model Workflow.png>]
<Images/Project Sequence.png, id=581, 927.465pt x 1452.92813pt>
File: Images/Project Sequence.png Graphic file (type png)
<use Images/Project Sequence.png>
Package pdftex.def Info: Images/Project Sequence.png  used on input line 783.
(pdftex.def)             Requested size: 386.96027pt x 606.19075pt.


LaTeX Warning: `!h' float specifier changed to `!ht'.




Package fancyhdr Warning: \headheight is too small (12.0pt): 
(fancyhdr)                Make it at least 14.49998pt, for example:
(fancyhdr)                \setlength{\headheight}{14.49998pt}.
(fancyhdr)                You might also make \topmargin smaller to compensate:

(fancyhdr)                \addtolength{\topmargin}{-2.49998pt}.

[24]

LaTeX Warning: Text page 25 contains only floats.




Package fancyhdr Warning: \headheight is too small (12.0pt): 
(fancyhdr)                Make it at least 14.49998pt, for example:
(fancyhdr)                \setlength{\headheight}{14.49998pt}.
(fancyhdr)                You might also make \topmargin smaller to compensate:

(fancyhdr)                \addtolength{\topmargin}{-2.49998pt}.

[25 <./Images/Project Sequence.png>]


Package fancyhdr Warning: \headheight is too small (12.0pt): 
(fancyhdr)                Make it at least 14.49998pt, for example:
(fancyhdr)                \setlength{\headheight}{14.49998pt}.
(fancyhdr)                You might also make \topmargin smaller to compensate:

(fancyhdr)                \addtolength{\topmargin}{-2.49998pt}.

[26]
<Images/RM_part_for_implementation.png, id=596, 472.76625pt x 213.79875pt>
File: Images/RM_part_for_implementation.png Graphic file (type png)
<use Images/RM_part_for_implementation.png>
Package pdftex.def Info: Images/RM_part_for_implementation.png  used on input l
ine 833.
(pdftex.def)             Requested size: 386.96027pt x 174.99965pt.



Package fancyhdr Warning: \headheight is too small (12.0pt): 
(fancyhdr)                Make it at least 14.49998pt, for example:
(fancyhdr)                \setlength{\headheight}{14.49998pt}.
(fancyhdr)                You might also make \topmargin smaller to compensate:

(fancyhdr)                \addtolength{\topmargin}{-2.49998pt}.

[27 <./Images/RM_part_for_implementation.png>]
Overfull \hbox (3.1801pt too wide) in paragraph at lines 869--869
 []        \OT1/pcr/m/n/12 pip install pandas numpy scikit-learn matplotlib[] 
 []


! LaTeX Error: Unicode character ├ (U+251C)
               not set up for use with LaTeX.

See the LaTeX manual or LaTeX Companion for explanation.
Type  H <return>  for immediate help.
 ...                                              
                                                  
l.888         \end{verbatim}
                            
? 

! LaTeX Error: Unicode character ─ (U+2500)
               not set up for use with LaTeX.

See the LaTeX manual or LaTeX Companion for explanation.
Type  H <return>  for immediate help.
 ...                                              
                                                  
l.888         \end{verbatim}
                            
? 

! LaTeX Error: Unicode character ─ (U+2500)
               not set up for use with LaTeX.

See the LaTeX manual or LaTeX Companion for explanation.
Type  H <return>  for immediate help.
 ...                                              
                                                  
l.888         \end{verbatim}
                            
? 

! LaTeX Error: Unicode character │ (U+2502)
               not set up for use with LaTeX.

See the LaTeX manual or LaTeX Companion for explanation.
Type  H <return>  for immediate help.
 ...                                              
                                                  
l.888         \end{verbatim}
                            
? 

! LaTeX Error: Unicode character └ (U+2514)
               not set up for use with LaTeX.

See the LaTeX manual or LaTeX Companion for explanation.
Type  H <return>  for immediate help.
 ...                                              
                                                  
l.888         \end{verbatim}
                            
? 

! LaTeX Error: Unicode character ─ (U+2500)
               not set up for use with LaTeX.

See the LaTeX manual or LaTeX Companion for explanation.
Type  H <return>  for immediate help.
 ...                                              
                                                  
l.888         \end{verbatim}
                            
? 

! LaTeX Error: Unicode character ─ (U+2500)
               not set up for use with LaTeX.

See the LaTeX manual or LaTeX Companion for explanation.
Type  H <return>  for immediate help.
 ...                                              
                                                  
l.888         \end{verbatim}
                            
? 

! LaTeX Error: Unicode character ├ (U+251C)
               not set up for use with LaTeX.

See the LaTeX manual or LaTeX Companion for explanation.
Type  H <return>  for immediate help.
 ...                                              
                                                  
l.888         \end{verbatim}
                            
? 

! LaTeX Error: Unicode character ─ (U+2500)
               not set up for use with LaTeX.

See the LaTeX manual or LaTeX Companion for explanation.
Type  H <return>  for immediate help.
 ...                                              
                                                  
l.888         \end{verbatim}
                            
? 

! LaTeX Error: Unicode character ─ (U+2500)
               not set up for use with LaTeX.

See the LaTeX manual or LaTeX Companion for explanation.
Type  H <return>  for immediate help.
 ...                                              
                                                  
l.888         \end{verbatim}
                            
? 

! LaTeX Error: Unicode character │ (U+2502)
               not set up for use with LaTeX.

See the LaTeX manual or LaTeX Companion for explanation.
Type  H <return>  for immediate help.
 ...                                              
                                                  
l.888         \end{verbatim}
                            
? 

! LaTeX Error: Unicode character └ (U+2514)
               not set up for use with LaTeX.

See the LaTeX manual or LaTeX Companion for explanation.
Type  H <return>  for immediate help.
 ...                                              
                                                  
l.888         \end{verbatim}
                            
? 

! LaTeX Error: Unicode character ─ (U+2500)
               not set up for use with LaTeX.

See the LaTeX manual or LaTeX Companion for explanation.
Type  H <return>  for immediate help.
 ...                                              
                                                  
l.888         \end{verbatim}
                            
? 

! LaTeX Error: Unicode character ─ (U+2500)
               not set up for use with LaTeX.

See the LaTeX manual or LaTeX Companion for explanation.
Type  H <return>  for immediate help.
 ...                                              
                                                  
l.888         \end{verbatim}
                            
? 

! LaTeX Error: Unicode character ├ (U+251C)
               not set up for use with LaTeX.

See the LaTeX manual or LaTeX Companion for explanation.
Type  H <return>  for immediate help.
 ...                                              
                                                  
l.888         \end{verbatim}
                            
? 

! LaTeX Error: Unicode character ─ (U+2500)
               not set up for use with LaTeX.

See the LaTeX manual or LaTeX Companion for explanation.
Type  H <return>  for immediate help.
 ...                                              
                                                  
l.888         \end{verbatim}
                            
? 

! LaTeX Error: Unicode character ─ (U+2500)
               not set up for use with LaTeX.

See the LaTeX manual or LaTeX Companion for explanation.
Type  H <return>  for immediate help.
 ...                                              
                                                  
l.888         \end{verbatim}
                            
? 

! LaTeX Error: Unicode character │ (U+2502)
               not set up for use with LaTeX.

See the LaTeX manual or LaTeX Companion for explanation.
Type  H <return>  for immediate help.
 ...                                              
                                                  
l.888         \end{verbatim}
                            
? 

! LaTeX Error: Unicode character └ (U+2514)
               not set up for use with LaTeX.

See the LaTeX manual or LaTeX Companion for explanation.
Type  H <return>  for immediate help.
 ...                                              
                                                  
l.888         \end{verbatim}
                            
? 

! LaTeX Error: Unicode character ─ (U+2500)
               not set up for use with LaTeX.

See the LaTeX manual or LaTeX Companion for explanation.
Type  H <return>  for immediate help.
 ...                                              
                                                  
l.888         \end{verbatim}
                            
? 

! LaTeX Error: Unicode character ─ (U+2500)
               not set up for use with LaTeX.

See the LaTeX manual or LaTeX Companion for explanation.
Type  H <return>  for immediate help.
 ...                                              
                                                  
l.888         \end{verbatim}
                            
? 

! LaTeX Error: Unicode character └ (U+2514)
               not set up for use with LaTeX.

See the LaTeX manual or LaTeX Companion for explanation.
Type  H <return>  for immediate help.
 ...                                              
                                                  
l.888         \end{verbatim}
                            
? 

! LaTeX Error: Unicode character ─ (U+2500)
               not set up for use with LaTeX.

See the LaTeX manual or LaTeX Companion for explanation.
Type  H <return>  for immediate help.
 ...                                              
                                                  
l.888         \end{verbatim}
                            
? 

! LaTeX Error: Unicode character ─ (U+2500)
               not set up for use with LaTeX.

See the LaTeX manual or LaTeX Companion for explanation.
Type  H <return>  for immediate help.
 ...                                              
                                                  
l.888         \end{verbatim}
                            
? 



Package fancyhdr Warning: \headheight is too small (12.0pt): 
(fancyhdr)                Make it at least 14.49998pt, for example:
(fancyhdr)                \setlength{\headheight}{14.49998pt}.
(fancyhdr)                You might also make \topmargin smaller to compensate:

(fancyhdr)                \addtolength{\topmargin}{-2.49998pt}.

[28]


Package fancyhdr Warning: \headheight is too small (12.0pt): 
(fancyhdr)                Make it at least 14.49998pt, for example:
(fancyhdr)                \setlength{\headheight}{14.49998pt}.
(fancyhdr)                You might also make \topmargin smaller to compensate:

(fancyhdr)                \addtolength{\topmargin}{-2.49998pt}.

[29]
Overfull \hbox (20.5304pt too wide) in paragraph at lines 967--967
 []                         \OT1/pcr/m/n/12 client_secret=<Reddit Client Secret
>,[] 
 []


Overfull \hbox (56.53038pt too wide) in paragraph at lines 974--974
 []    \OT1/pcr/m/n/12 subreddits = ['normal','depression','anxiety','bipolar',
'ptsd'][] 
 []




Package fancyhdr Warning: \headheight is too small (12.0pt): 
(fancyhdr)                Make it at least 14.49998pt, for example:
(fancyhdr)                \setlength{\headheight}{14.49998pt}.
(fancyhdr)                You might also make \topmargin smaller to compensate:

(fancyhdr)                \addtolength{\topmargin}{-2.49998pt}.

[30]
Overfull \hbox (20.5304pt too wide) in paragraph at lines 999--999
 []                \OT1/pcr/m/n/12 subreddit_posts = reddit.subreddit(subreddit
).[] 
 []


Overfull \hbox (20.5304pt too wide) in paragraph at lines 999--999
 []                \OT1/pcr/m/n/12 subreddit_posts = reddit.subreddit(subreddit
).[] 
 []


Overfull \hbox (20.5304pt too wide) in paragraph at lines 999--999
 []                \OT1/pcr/m/n/12 subreddit_posts = reddit.subreddit(subreddit
).[] 
 []


Overfull \hbox (13.3304pt too wide) in paragraph at lines 1008--1008
 []        \OT1/pcr/m/n/12 sentiment = TextBlob(post_content).sentiment.polarit
y[] 
 []




Package fancyhdr Warning: \headheight is too small (12.0pt): 
(fancyhdr)                Make it at least 14.49998pt, for example:
(fancyhdr)                \setlength{\headheight}{14.49998pt}.
(fancyhdr)                You might also make \topmargin smaller to compensate:

(fancyhdr)                \addtolength{\topmargin}{-2.49998pt}.

[31]


Package fancyhdr Warning: \headheight is too small (12.0pt): 
(fancyhdr)                Make it at least 14.49998pt, for example:
(fancyhdr)                \setlength{\headheight}{14.49998pt}.
(fancyhdr)                You might also make \topmargin smaller to compensate:

(fancyhdr)                \addtolength{\topmargin}{-2.49998pt}.

[32]


Package fancyhdr Warning: \headheight is too small (12.0pt): 
(fancyhdr)                Make it at least 14.49998pt, for example:
(fancyhdr)                \setlength{\headheight}{14.49998pt}.
(fancyhdr)                You might also make \topmargin smaller to compensate:

(fancyhdr)                \addtolength{\topmargin}{-2.49998pt}.

[33]
Overfull \hbox (7.05382pt too wide) in paragraph at lines 1110--1118
\OT1/pcr/m/n/12 nltk.tokenize.word[]tokenize \OT1/ptm/m/n/12 are im-ported from
 the Nat-u-ral Lan-guage Toolkit (NLTK)
 []


Overfull \hbox (20.10982pt too wide) in paragraph at lines 1150--1153
\OT1/ptm/m/n/12 Next, any du-pli-cate rows based on the \OT1/pcr/m/n/12 text \O
T1/ptm/m/n/12 col-umn are re-moved us-ing the \OT1/pcr/m/n/12 drop[]duplicates(
)
 []




Package fancyhdr Warning: \headheight is too small (12.0pt): 
(fancyhdr)                Make it at least 14.49998pt, for example:
(fancyhdr)                \setlength{\headheight}{14.49998pt}.
(fancyhdr)                You might also make \topmargin smaller to compensate:

(fancyhdr)                \addtolength{\topmargin}{-2.49998pt}.

[34]


Package fancyhdr Warning: \headheight is too small (12.0pt): 
(fancyhdr)                Make it at least 14.49998pt, for example:
(fancyhdr)                \setlength{\headheight}{14.49998pt}.
(fancyhdr)                You might also make \topmargin smaller to compensate:

(fancyhdr)                \addtolength{\topmargin}{-2.49998pt}.

[35]
Overfull \hbox (55.95567pt too wide) in paragraph at lines 1217--1217
[]\OT1/pcr/m/n/12 # Convert the result to a DataFrame for easier understanding 
(optional)[] 
 []

<Images/Output Data Preprocessing.png, id=643, 431.81325pt x 326.4195pt>
File: Images/Output Data Preprocessing.png Graphic file (type png)
<use Images/Output Data Preprocessing.png>
Package pdftex.def Info: Images/Output Data Preprocessing.png  used on input li
ne 1240.
(pdftex.def)             Requested size: 364.19667pt x 275.32112pt.

LaTeX Warning: `!h' float specifier changed to `!ht'.




Package fancyhdr Warning: \headheight is too small (12.0pt): 
(fancyhdr)                Make it at least 14.49998pt, for example:
(fancyhdr)                \setlength{\headheight}{14.49998pt}.
(fancyhdr)                You might also make \topmargin smaller to compensate:

(fancyhdr)                \addtolength{\topmargin}{-2.49998pt}.

[36]
Overfull \hbox (34.35568pt too wide) in paragraph at lines 1273--1273
[]    \OT1/pcr/m/n/12 raise ValueError("The dataset must have a 'cleaned_text' 
column.[] 
 []


Overfull \hbox (55.95567pt too wide) in paragraph at lines 1273--1273
[]\OT1/pcr/m/n/12 # Convert the result to a DataFrame for better visualization 
(optional)[] 
 []




Package fancyhdr Warning: \headheight is too small (12.0pt): 
(fancyhdr)                Make it at least 14.49998pt, for example:
(fancyhdr)                \setlength{\headheight}{14.49998pt}.
(fancyhdr)                You might also make \topmargin smaller to compensate:

(fancyhdr)                \addtolength{\topmargin}{-2.49998pt}.

[37 <./Images/Output Data Preprocessing.png>]
Overfull \hbox (27.15569pt too wide) in paragraph at lines 1273--1273
[]\OT1/pcr/m/n/12 # Print the first few rows of the Bag of Words DataFrame (opt
ional)[] 
 []

<Images/Output BOW.png, id=654, 543.2295pt x 497.4585pt>
File: Images/Output BOW.png Graphic file (type png)
<use Images/Output BOW.png>
Package pdftex.def Info: Images/Output BOW.png  used on input line 1280.
(pdftex.def)             Requested size: 364.19667pt x 333.51558pt.

LaTeX Warning: `!h' float specifier changed to `!ht'.


Overfull \hbox (12.75569pt too wide) in paragraph at lines 1325--1325
[]\OT1/pcr/m/n/12 # Check if 'cleaned_text' and 'mental_health_issue' columns e
xist[] 
 []


Overfull \hbox (12.75569pt too wide) in paragraph at lines 1325--1325
[]\OT1/pcr/m/n/12 if 'cleaned_text' not in dataset.columns or 'mental_health_is
sue'[] 
 []




Package fancyhdr Warning: \headheight is too small (12.0pt): 
(fancyhdr)                Make it at least 14.49998pt, for example:
(fancyhdr)                \setlength{\headheight}{14.49998pt}.
(fancyhdr)                You might also make \topmargin smaller to compensate:

(fancyhdr)                \addtolength{\topmargin}{-2.49998pt}.

[38]
Overfull \hbox (27.15569pt too wide) in paragraph at lines 1325--1325
[]\OT1/pcr/m/n/12 # Initialize the CountVectorizer and fit/transform the cleane
d text[] 
 []




Package fancyhdr Warning: \headheight is too small (12.0pt): 
(fancyhdr)                Make it at least 14.49998pt, for example:
(fancyhdr)                \setlength{\headheight}{14.49998pt}.
(fancyhdr)                You might also make \topmargin smaller to compensate:

(fancyhdr)                \addtolength{\topmargin}{-2.49998pt}.

[39 <./Images/Output BOW.png>]
Overfull \hbox (29.33717pt too wide) in paragraph at lines 1327--1332
\OT1/pcr/m/n/12 cleaned[]text \OT1/ptm/m/n/12 col-umn are re-moved to main-tain
 data in-tegrity. Af-ter this, the \OT1/pcr/m/n/12 CountVectorizer
 []

<Images/Output Splitting Dataset.png, id=665, 166.221pt x 48.78226pt>
File: Images/Output Splitting Dataset.png Graphic file (type png)
<use Images/Output Splitting Dataset.png>
Package pdftex.def Info: Images/Output Splitting Dataset.png  used on input lin
e 1335.
(pdftex.def)             Requested size: 273.14923pt x 80.16417pt.
<Images/Logistic Regression.png, id=666, 3596.43625pt x 2743.24875pt>
File: Images/Logistic Regression.png Graphic file (type png)
<use Images/Logistic Regression.png>
Package pdftex.def Info: Images/Logistic Regression.png  used on input line 134
7.
(pdftex.def)             Requested size: 455.24411pt x 347.21669pt.

LaTeX Warning: `!h' float specifier changed to `!ht'.


Overfull \hbox (12.75569pt too wide) in paragraph at lines 1376--1376
[]\OT1/pcr/m/n/12 from sklearn.metrics import accuracy_score, classification_re
port[] 
 []


Overfull \hbox (12.75569pt too wide) in paragraph at lines 1376--1376
[]\OT1/pcr/m/n/12 if 'cleaned_text' not in dataset.columns or 'mental_health_is
sue'[] 
 []




Package fancyhdr Warning: \headheight is too small (12.0pt): 
(fancyhdr)                Make it at least 14.49998pt, for example:
(fancyhdr)                \setlength{\headheight}{14.49998pt}.
(fancyhdr)                You might also make \topmargin smaller to compensate:

(fancyhdr)                \addtolength{\topmargin}{-2.49998pt}.

[40 <./Images/Output Splitting Dataset.png>]


Package fancyhdr Warning: \headheight is too small (12.0pt): 
(fancyhdr)                Make it at least 14.49998pt, for example:
(fancyhdr)                \setlength{\headheight}{14.49998pt}.
(fancyhdr)                You might also make \topmargin smaller to compensate:

(fancyhdr)                \addtolength{\topmargin}{-2.49998pt}.

[41 <./Images/Logistic Regression.png>]
<Images/Output Logistic Regression.png, id=677, 274.02374pt x 163.812pt>
File: Images/Output Logistic Regression.png Graphic file (type png)
<use Images/Output Logistic Regression.png>
Package pdftex.def Info: Images/Output Logistic Regression.png  used on input l
ine 1383.
(pdftex.def)             Requested size: 364.19667pt x 217.73473pt.



Package fancyhdr Warning: \headheight is too small (12.0pt): 
(fancyhdr)                Make it at least 14.49998pt, for example:
(fancyhdr)                \setlength{\headheight}{14.49998pt}.
(fancyhdr)                You might also make \topmargin smaller to compensate:

(fancyhdr)                \addtolength{\topmargin}{-2.49998pt}.

[42 <./Images/Output Logistic Regression.png>]
Overfull \hbox (12.75569pt too wide) in paragraph at lines 1427--1427
[]\OT1/pcr/m/n/12 from sklearn.metrics import accuracy_score, classification_re
port[] 
 []


Overfull \hbox (12.75569pt too wide) in paragraph at lines 1427--1427
[]\OT1/pcr/m/n/12 if 'cleaned_text' not in dataset.columns or 'mental_health_is
sue'[] 
 []


Overfull \hbox (5.5557pt too wide) in paragraph at lines 1427--1427
[]\OT1/pcr/m/n/12 n_iter=10, scoring='accuracy', cv=5, n_jobs=-1, random_state=
42)[] 
 []


Overfull \hbox (46.88249pt too wide) in paragraph at lines 1429--1431
\OT1/pcr/m/n/12 preprocessed[]mental[]health[]text.csv \OT1/ptm/m/n/12 and chec
ks for the re-quired columns \OT1/pcr/m/n/12 cleaned[]text
 []




Package fancyhdr Warning: \headheight is too small (12.0pt): 
(fancyhdr)                Make it at least 14.49998pt, for example:
(fancyhdr)                \setlength{\headheight}{14.49998pt}.
(fancyhdr)                You might also make \topmargin smaller to compensate:

(fancyhdr)                \addtolength{\topmargin}{-2.49998pt}.

[43]
<Images/Output HPT LR.png, id=688, 341.47575pt x 172.84575pt>
File: Images/Output HPT LR.png Graphic file (type png)
<use Images/Output HPT LR.png>
Package pdftex.def Info: Images/Output HPT LR.png  used on input line 1434.
(pdftex.def)             Requested size: 273.14923pt x 138.26094pt.
<Images/ROC LR.png, id=689, 585.98924pt x 431.81325pt>
File: Images/ROC LR.png Graphic file (type png)
<use Images/ROC LR.png>
Package pdftex.def Info: Images/ROC LR.png  used on input line 1441.
(pdftex.def)             Requested size: 273.14923pt x 201.28525pt.
<Images/KNN.png, id=690, 5139.2pt x 3608.48125pt>
File: Images/KNN.png Graphic file (type png)
<use Images/KNN.png>
Package pdftex.def Info: Images/KNN.png  used on input line 1453.
(pdftex.def)             Requested size: 455.24411pt x 319.62863pt.



Package fancyhdr Warning: \headheight is too small (12.0pt): 
(fancyhdr)                Make it at least 14.49998pt, for example:
(fancyhdr)                \setlength{\headheight}{14.49998pt}.
(fancyhdr)                You might also make \topmargin smaller to compensate:

(fancyhdr)                \addtolength{\topmargin}{-2.49998pt}.

[44 <./Images/Output HPT LR.png> <./Images/ROC LR.png>]
Overfull \hbox (19.95569pt too wide) in paragraph at lines 1485--1485
[]\OT1/pcr/m/n/12 from sklearn.metrics import accuracy_score, classification_re
port,[] 
 []


Overfull \hbox (12.75569pt too wide) in paragraph at lines 1485--1485
[]\OT1/pcr/m/n/12 if 'cleaned_text' not in dataset.columns or 'mental_health_is
sue'[] 
 []




Package fancyhdr Warning: \headheight is too small (12.0pt): 
(fancyhdr)                Make it at least 14.49998pt, for example:
(fancyhdr)                \setlength{\headheight}{14.49998pt}.
(fancyhdr)                You might also make \topmargin smaller to compensate:

(fancyhdr)                \addtolength{\topmargin}{-2.49998pt}.

[45 <./Images/KNN.png>]
<Images/Output KNN.png, id=702, 277.035pt x 162.6075pt>
File: Images/Output KNN.png Graphic file (type png)
<use Images/Output KNN.png>
Package pdftex.def Info: Images/Output KNN.png  used on input line 1493.
(pdftex.def)             Requested size: 273.14923pt x 160.32689pt.


LaTeX Warning: `!h' float specifier changed to `!ht'.


Overfull \hbox (19.95569pt too wide) in paragraph at lines 1540--1540
[]\OT1/pcr/m/n/12 from sklearn.metrics import accuracy_score, classification_re
port,[] 
 []




Package fancyhdr Warning: \headheight is too small (12.0pt): 
(fancyhdr)                Make it at least 14.49998pt, for example:
(fancyhdr)                \setlength{\headheight}{14.49998pt}.
(fancyhdr)                You might also make \topmargin smaller to compensate:

(fancyhdr)                \addtolength{\topmargin}{-2.49998pt}.

[46]
Overfull \hbox (55.95567pt too wide) in paragraph at lines 1540--1540
[]\OT1/pcr/m/n/12 not in dataset.columns or 'mental_health_issue' not in datase
t.columns:[] 
 []


Overfull \hbox (27.15569pt too wide) in paragraph at lines 1540--1540
[]    \OT1/pcr/m/n/12 'metric': ['euclidean', 'manhattan', 'chebyshev', 'minkow
ski'],[] 
 []


Overfull \hbox (12.75569pt too wide) in paragraph at lines 1540--1540
[]\OT1/pcr/m/n/12 n_iter=200, scoring='accuracy', cv=5, n_jobs=-1, random_state
=42)[] 
 []




Package fancyhdr Warning: \headheight is too small (12.0pt): 
(fancyhdr)                Make it at least 14.49998pt, for example:
(fancyhdr)                \setlength{\headheight}{14.49998pt}.
(fancyhdr)                You might also make \topmargin smaller to compensate:

(fancyhdr)                \addtolength{\topmargin}{-2.49998pt}.

[47 <./Images/Output KNN.png>]
File: Images/Output KNN.png Graphic file (type png)
<use Images/Output KNN.png>
Package pdftex.def Info: Images/Output KNN.png  used on input line 1547.
(pdftex.def)             Requested size: 364.19667pt x 213.76918pt.
<Images/ROC KNN.png, id=712, 607.068pt x 422.7795pt>
File: Images/ROC KNN.png Graphic file (type png)
<use Images/ROC KNN.png>
Package pdftex.def Info: Images/ROC KNN.png  used on input line 1554.
(pdftex.def)             Requested size: 364.19667pt x 253.63739pt.


LaTeX Warning: `!h' float specifier changed to `!ht'.

<Images/SVM.png, id=713, 2715.14375pt x 3113.6325pt>
File: Images/SVM.png Graphic file (type png)
<use Images/SVM.png>
Package pdftex.def Info: Images/SVM.png  used on input line 1566.
(pdftex.def)             Requested size: 273.14923pt x 313.23439pt.



Package fancyhdr Warning: \headheight is too small (12.0pt): 
(fancyhdr)                Make it at least 14.49998pt, for example:
(fancyhdr)                \setlength{\headheight}{14.49998pt}.
(fancyhdr)                You might also make \topmargin smaller to compensate:

(fancyhdr)                \addtolength{\topmargin}{-2.49998pt}.

[48]

LaTeX Warning: `!h' float specifier changed to `!ht'.


Overfull \hbox (19.95569pt too wide) in paragraph at lines 1597--1597
[]\OT1/pcr/m/n/12 from sklearn.metrics import accuracy_score, classification_re
port,[] 
 []


Overfull \hbox (12.75569pt too wide) in paragraph at lines 1597--1597
[]\OT1/pcr/m/n/12 if 'cleaned_text' not in dataset.columns or 'mental_health_is
sue'[] 
 []




Package fancyhdr Warning: \headheight is too small (12.0pt): 
(fancyhdr)                Make it at least 14.49998pt, for example:
(fancyhdr)                \setlength{\headheight}{14.49998pt}.
(fancyhdr)                You might also make \topmargin smaller to compensate:

(fancyhdr)                \addtolength{\topmargin}{-2.49998pt}.

[49 <./Images/ROC KNN.png>]


Package fancyhdr Warning: \headheight is too small (12.0pt): 
(fancyhdr)                Make it at least 14.49998pt, for example:
(fancyhdr)                \setlength{\headheight}{14.49998pt}.
(fancyhdr)                You might also make \topmargin smaller to compensate:

(fancyhdr)                \addtolength{\topmargin}{-2.49998pt}.

[50 <./Images/SVM.png>]
<Images/Output SVM.png, id=729, 283.65974pt x 162.6075pt>
File: Images/Output SVM.png Graphic file (type png)
<use Images/Output SVM.png>
Package pdftex.def Info: Images/Output SVM.png  used on input line 1604.
(pdftex.def)             Requested size: 273.14923pt x 156.58276pt.

Overfull \hbox (12.75569pt too wide) in paragraph at lines 1649--1649
[]\OT1/pcr/m/n/12 from sklearn.metrics import accuracy_score, classification_re
port[] 
 []


Overfull \hbox (12.75569pt too wide) in paragraph at lines 1649--1649
[]\OT1/pcr/m/n/12 if 'cleaned_text' not in dataset.columns or 'mental_health_is
sue'[] 
 []




Package fancyhdr Warning: \headheight is too small (12.0pt): 
(fancyhdr)                Make it at least 14.49998pt, for example:
(fancyhdr)                \setlength{\headheight}{14.49998pt}.
(fancyhdr)                You might also make \topmargin smaller to compensate:

(fancyhdr)                \addtolength{\topmargin}{-2.49998pt}.

[51 <./Images/Output SVM.png>]
<Images/Output HPT SVM.png, id=735, 343.88475pt x 172.2435pt>
File: Images/Output HPT SVM.png Graphic file (type png)
<use Images/Output HPT SVM.png>
Package pdftex.def Info: Images/Output HPT SVM.png  used on input line 1656.
(pdftex.def)             Requested size: 364.19667pt x 182.41954pt.


LaTeX Warning: `!h' float specifier changed to `!ht'.

<Images/ROC SVM.png, id=736, 590.205pt x 424.58624pt>
File: Images/ROC SVM.png Graphic file (type png)
<use Images/ROC SVM.png>
Package pdftex.def Info: Images/ROC SVM.png  used on input line 1663.
(pdftex.def)             Requested size: 364.19667pt x 262.00333pt.

LaTeX Warning: `!h' float specifier changed to `!ht'.




Package fancyhdr Warning: \headheight is too small (12.0pt): 
(fancyhdr)                Make it at least 14.49998pt, for example:
(fancyhdr)                \setlength{\headheight}{14.49998pt}.
(fancyhdr)                You might also make \topmargin smaller to compensate:

(fancyhdr)                \addtolength{\topmargin}{-2.49998pt}.

[52]
<Images/Naive Bayes.png, id=741, 2714.14pt x 3659.6725pt>
File: Images/Naive Bayes.png Graphic file (type png)
<use Images/Naive Bayes.png>
Package pdftex.def Info: Images/Naive Bayes.png  used on input line 1676.
(pdftex.def)             Requested size: 455.24411pt x 613.81564pt.


LaTeX Warning: `!h' float specifier changed to `!ht'.


Overfull \hbox (19.95569pt too wide) in paragraph at lines 1707--1707
[]\OT1/pcr/m/n/12 from sklearn.metrics import accuracy_score, classification_re
port,[] 
 []




Package fancyhdr Warning: \headheight is too small (12.0pt): 
(fancyhdr)                Make it at least 14.49998pt, for example:
(fancyhdr)                \setlength{\headheight}{14.49998pt}.
(fancyhdr)                You might also make \topmargin smaller to compensate:

(fancyhdr)                \addtolength{\topmargin}{-2.49998pt}.

[53 <./Images/Output HPT SVM.png> <./Images/ROC SVM.png>]

LaTeX Warning: Text page 54 contains only floats.




Package fancyhdr Warning: \headheight is too small (12.0pt): 
(fancyhdr)                Make it at least 14.49998pt, for example:
(fancyhdr)                \setlength{\headheight}{14.49998pt}.
(fancyhdr)                You might also make \topmargin smaller to compensate:

(fancyhdr)                \addtolength{\topmargin}{-2.49998pt}.

[54 <./Images/Naive Bayes.png>]
Overfull \hbox (12.75569pt too wide) in paragraph at lines 1707--1707
[]\OT1/pcr/m/n/12 if 'cleaned_text' not in dataset.columns or 'mental_health_is
sue'[] 
 []

<Images/Output NB.png, id=753, 277.035pt x 157.18726pt>
File: Images/Output NB.png Graphic file (type png)
<use Images/Output NB.png>
Package pdftex.def Info: Images/Output NB.png  used on input line 1715.
(pdftex.def)             Requested size: 364.19667pt x 206.64354pt.

LaTeX Warning: `!h' float specifier changed to `!ht'.




Package fancyhdr Warning: \headheight is too small (12.0pt): 
(fancyhdr)                Make it at least 14.49998pt, for example:
(fancyhdr)                \setlength{\headheight}{14.49998pt}.
(fancyhdr)                You might also make \topmargin smaller to compensate:

(fancyhdr)                \addtolength{\topmargin}{-2.49998pt}.

[55]
Overfull \hbox (19.95569pt too wide) in paragraph at lines 1760--1760
[]\OT1/pcr/m/n/12 from sklearn.metrics import accuracy_score, classification_re
port,[] 
 []


Overfull \hbox (12.75569pt too wide) in paragraph at lines 1760--1760
[]\OT1/pcr/m/n/12 if 'cleaned_text' not in dataset.columns or 'mental_health_is
sue'[] 
 []




Package fancyhdr Warning: \headheight is too small (12.0pt): 
(fancyhdr)                Make it at least 14.49998pt, for example:
(fancyhdr)                \setlength{\headheight}{14.49998pt}.
(fancyhdr)                You might also make \topmargin smaller to compensate:

(fancyhdr)                \addtolength{\topmargin}{-2.49998pt}.

[56 <./Images/Output NB.png>]
<Images/Output HPT NB.png, id=764, 278.2395pt x 175.857pt>
File: Images/Output HPT NB.png Graphic file (type png)
<use Images/Output HPT NB.png>
Package pdftex.def Info: Images/Output HPT NB.png  used on input line 1767.
(pdftex.def)             Requested size: 364.19667pt x 230.19994pt.


LaTeX Warning: `!h' float specifier changed to `!ht'.

<Images/ROC NB.png, id=765, 591.4095pt x 425.79076pt>
File: Images/ROC NB.png Graphic file (type png)
<use Images/ROC NB.png>
Package pdftex.def Info: Images/ROC NB.png  used on input line 1774.
(pdftex.def)             Requested size: 364.19667pt x 262.20735pt.

LaTeX Warning: `!h' float specifier changed to `!ht'.

! Undefined control sequence.
l.1779 \subssubection
                     {Random Forest}
? 
<Images/Random Forest.png, id=766, 2439.1125pt x 4216.75375pt>
File: Images/Random Forest.png Graphic file (type png)
<use Images/Random Forest.png>
Package pdftex.def Info: Images/Random Forest.png  used on input line 1785.
(pdftex.def)             Requested size: 273.14923pt x 472.20886pt.

LaTeX Warning: `!h' float specifier changed to `!ht'.




Package fancyhdr Warning: \headheight is too small (12.0pt): 
(fancyhdr)                Make it at least 14.49998pt, for example:
(fancyhdr)                \setlength{\headheight}{14.49998pt}.
(fancyhdr)                You might also make \topmargin smaller to compensate:

(fancyhdr)                \addtolength{\topmargin}{-2.49998pt}.

[57]
Overfull \hbox (19.95569pt too wide) in paragraph at lines 1824--1824
[]\OT1/pcr/m/n/12 from sklearn.metrics import accuracy_score, classification_re
port,[] 
 []




Package fancyhdr Warning: \headheight is too small (12.0pt): 
(fancyhdr)                Make it at least 14.49998pt, for example:
(fancyhdr)                \setlength{\headheight}{14.49998pt}.
(fancyhdr)                You might also make \topmargin smaller to compensate:

(fancyhdr)                \addtolength{\topmargin}{-2.49998pt}.

[58 <./Images/Output HPT NB.png> <./Images/ROC NB.png>]
Overfull \hbox (12.75569pt too wide) in paragraph at lines 1824--1824
[]\OT1/pcr/m/n/12 if 'cleaned_text' not in dataset.columns or 'mental_health_is
sue'[] 
 []




Package fancyhdr Warning: \headheight is too small (12.0pt): 
(fancyhdr)                Make it at least 14.49998pt, for example:
(fancyhdr)                \setlength{\headheight}{14.49998pt}.
(fancyhdr)                You might also make \topmargin smaller to compensate:

(fancyhdr)                \addtolength{\topmargin}{-2.49998pt}.

[59 <./Images/Random Forest.png>]
Underfull \hbox (badness 10000) in paragraph at lines 1826--1828

 []


Overfull \hbox (18.40562pt too wide) in paragraph at lines 1829--1831
\OT1/ptm/m/n/12 (\OT1/pcr/m/n/12 min[]samples[]split\OT1/ptm/m/n/12 ), the min-
i-mum num-ber of sam-ples in a leaf node (\OT1/pcr/m/n/12 min[]samples[]leaf\OT
1/ptm/m/n/12 ),
 []

<Images/Output RF.png, id=782, 275.22826pt x 163.812pt>
File: Images/Output RF.png Graphic file (type png)
<use Images/Output RF.png>
Package pdftex.def Info: Images/Output RF.png  used on input line 1834.
(pdftex.def)             Requested size: 409.71692pt x 243.86519pt.

LaTeX Warning: `!h' float specifier changed to `!ht'.

<Images/ROC RF.png, id=783, 585.98924pt x 417.35925pt>
File: Images/ROC RF.png Graphic file (type png)
<use Images/ROC RF.png>
Package pdftex.def Info: Images/ROC RF.png  used on input line 1841.
(pdftex.def)             Requested size: 409.71692pt x 291.81831pt.

LaTeX Warning: `!h' float specifier changed to `!ht'.




Package fancyhdr Warning: \headheight is too small (12.0pt): 
(fancyhdr)                Make it at least 14.49998pt, for example:
(fancyhdr)                \setlength{\headheight}{14.49998pt}.
(fancyhdr)                You might also make \topmargin smaller to compensate:

(fancyhdr)                \addtolength{\topmargin}{-2.49998pt}.

[60]


Package fancyhdr Warning: \headheight is too small (12.0pt): 
(fancyhdr)                Make it at least 14.49998pt, for example:
(fancyhdr)                \setlength{\headheight}{14.49998pt}.
(fancyhdr)                You might also make \topmargin smaller to compensate:

(fancyhdr)                \addtolength{\topmargin}{-2.49998pt}.

[61 <./Images/Output RF.png> <./Images/ROC RF.png>]

! LaTeX Error: \caption outside float.

See the LaTeX manual or LaTeX Companion for explanation.
Type  H <return>  for immediate help.
 ...                                              
                                                  
l.1914     \caption
                   {Logistic Regression Classification Report (Before Hyperp...

? 



Package fancyhdr Warning: \headheight is too small (12.0pt): 
(fancyhdr)                Make it at least 14.49998pt, for example:
(fancyhdr)                \setlength{\headheight}{14.49998pt}.
(fancyhdr)                You might also make \topmargin smaller to compensate:

(fancyhdr)                \addtolength{\topmargin}{-2.49998pt}.

[62]

! LaTeX Error: \caption outside float.

See the LaTeX manual or LaTeX Companion for explanation.
Type  H <return>  for immediate help.
 ...                                              
                                                  
l.1931 \caption
               {Logistic Regression Classification Report (After Hyperparame...

? 